<?xml version="1.0" encoding="UTF-8"?>
<coverage generated="1665425329374" clover="3.2.0">
  <project timestamp="1665425329375" name="All files">
    <metrics statements="147" coveredstatements="146" conditionals="61" coveredconditionals="59" methods="45" coveredmethods="44" elements="253" coveredelements="249" complexity="0" loc="147" ncloc="147" packages="1" files="1" classes="1"/>
    <file name="stringcalculator.ts" path="F:\Biko2\TDD_FizzBuzz\src\stringcalculator.ts">
      <metrics statements="147" coveredstatements="146" conditionals="61" coveredconditionals="59" methods="45" coveredmethods="44"/>
      <line num="2" count="1" type="stmt"/>
      <line num="3" count="1" type="stmt"/>
      <line num="6" count="1" type="stmt"/>
      <line num="7" count="1" type="stmt"/>
      <line num="8" count="1" type="stmt"/>
      <line num="9" count="1" type="stmt"/>
      <line num="10" count="1" type="stmt"/>
      <line num="11" count="1" type="stmt"/>
      <line num="13" count="1" type="stmt"/>
      <line num="15" count="1" type="stmt"/>
      <line num="16" count="1" type="stmt"/>
      <line num="17" count="1" type="stmt"/>
      <line num="21" count="1" type="stmt"/>
      <line num="22" count="50" type="cond" truecount="2" falsecount="0"/>
      <line num="23" count="29" type="cond" truecount="2" falsecount="0"/>
      <line num="24" count="2" type="stmt"/>
      <line num="25" count="27" type="stmt"/>
      <line num="26" count="22" type="stmt"/>
      <line num="28" count="43" type="stmt"/>
      <line num="29" count="43" type="cond" truecount="2" falsecount="0"/>
      <line num="30" count="3" type="stmt"/>
      <line num="31" count="40" type="cond" truecount="2" falsecount="0"/>
      <line num="32" count="3" type="stmt"/>
      <line num="33" count="40" type="cond" truecount="2" falsecount="0"/>
      <line num="34" count="4" type="stmt"/>
      <line num="35" count="36" type="cond" truecount="2" falsecount="0"/>
      <line num="36" count="3" type="stmt"/>
      <line num="38" count="33" type="stmt"/>
      <line num="42" count="1" type="stmt"/>
      <line num="43" count="9" type="cond" truecount="2" falsecount="0"/>
      <line num="44" count="3" type="stmt"/>
      <line num="45" count="6" type="stmt"/>
      <line num="47" count="1" type="stmt"/>
      <line num="48" count="27" type="stmt"/>
      <line num="49" count="27" type="stmt"/>
      <line num="50" count="27" type="stmt"/>
      <line num="51" count="27" type="cond" truecount="2" falsecount="0"/>
      <line num="52" count="15" type="stmt"/>
      <line num="53" count="15" type="stmt"/>
      <line num="55" count="12" type="cond" truecount="2" falsecount="0"/>
      <line num="56" count="6" type="stmt"/>
      <line num="57" count="3" type="stmt"/>
      <line num="59" count="6" type="stmt"/>
      <line num="60" count="4" type="stmt"/>
      <line num="61" count="10" type="stmt"/>
      <line num="62" count="10" type="stmt"/>
      <line num="65" count="1" type="stmt"/>
      <line num="66" count="22" type="stmt"/>
      <line num="68" count="1" type="stmt"/>
      <line num="69" count="10" type="cond" truecount="2" falsecount="0"/>
      <line num="70" count="7" type="stmt"/>
      <line num="71" count="7" type="stmt"/>
      <line num="73" count="3" type="stmt"/>
      <line num="75" count="1" type="stmt"/>
      <line num="76" count="8" type="stmt"/>
      <line num="79" count="1" type="stmt"/>
      <line num="80" count="106" type="stmt"/>
      <line num="83" count="1" type="stmt"/>
      <line num="84" count="36" type="stmt"/>
      <line num="86" count="1" type="stmt"/>
      <line num="87" count="111" type="stmt"/>
      <line num="89" count="1" type="stmt"/>
      <line num="90" count="37" type="stmt"/>
      <line num="92" count="1" type="stmt"/>
      <line num="93" count="471" type="stmt"/>
      <line num="95" count="1" type="stmt"/>
      <line num="96" count="12" type="stmt"/>
      <line num="97" count="12" type="stmt"/>
      <line num="98" count="47" type="stmt"/>
      <line num="99" count="47" type="cond" truecount="4" falsecount="0"/>
      <line num="100" count="6" type="stmt"/>
      <line num="101" count="41" type="cond" truecount="2" falsecount="0"/>
      <line num="102" count="2" type="stmt"/>
      <line num="103" count="39" type="cond" truecount="2" falsecount="0"/>
      <line num="104" count="11" type="stmt"/>
      <line num="106" count="6" type="stmt"/>
      <line num="109" count="1" type="stmt"/>
      <line num="110" count="50" type="cond" truecount="2" falsecount="0"/>
      <line num="114" count="1" type="stmt"/>
      <line num="115" count="33" type="cond" truecount="2" falsecount="0"/>
      <line num="117" count="1" type="stmt"/>
      <line num="118" count="49" type="cond" truecount="2" falsecount="0"/>
      <line num="120" count="1" type="stmt"/>
      <line num="121" count="31" type="cond" truecount="2" falsecount="0"/>
      <line num="123" count="1" type="stmt"/>
      <line num="124" count="29" type="cond" truecount="2" falsecount="0"/>
      <line num="126" count="1" type="stmt"/>
      <line num="127" count="40" type="cond" truecount="2" falsecount="0"/>
      <line num="129" count="1" type="stmt"/>
      <line num="130" count="0" type="cond" truecount="0" falsecount="2"/>
      <line num="133" count="1" type="stmt"/>
      <line num="134" count="9" type="cond" truecount="2" falsecount="0"/>
      <line num="138" count="1" type="stmt"/>
      <line num="139" count="43" type="stmt"/>
      <line num="140" count="113" type="stmt"/>
      <line num="142" count="1" type="stmt"/>
      <line num="143" count="6" type="stmt"/>
      <line num="145" count="1" type="stmt"/>
      <line num="146" count="92" type="stmt"/>
      <line num="148" count="1" type="stmt"/>
      <line num="149" count="55" type="stmt"/>
      <line num="151" count="1" type="stmt"/>
      <line num="152" count="6" type="stmt"/>
      <line num="153" count="6" type="stmt"/>
      <line num="154" count="6" type="stmt"/>
      <line num="155" count="6" type="stmt"/>
      <line num="156" count="6" type="stmt"/>
      <line num="157" count="6" type="stmt"/>
      <line num="158" count="6" type="stmt"/>
      <line num="159" count="42" type="stmt"/>
      <line num="160" count="42" type="cond" truecount="4" falsecount="0"/>
      <line num="161" count="8" type="stmt"/>
      <line num="162" count="42" type="cond" truecount="2" falsecount="0"/>
      <line num="163" count="9" type="stmt"/>
      <line num="164" count="33" type="cond" truecount="2" falsecount="0"/>
      <line num="165" count="13" type="stmt"/>
      <line num="166" count="42" type="cond" truecount="2" falsecount="0"/>
      <line num="167" count="12" type="stmt"/>
      <line num="168" count="12" type="stmt"/>
      <line num="171" count="6" type="cond" truecount="2" falsecount="0"/>
      <line num="172" count="2" type="stmt"/>
      <line num="173" count="4" type="stmt"/>
      <line num="175" count="1" type="stmt"/>
      <line num="176" count="56" type="stmt"/>
      <line num="179" count="1" type="stmt"/>
      <line num="180" count="22" type="stmt"/>
      <line num="182" count="1" type="stmt"/>
      <line num="183" count="8" type="stmt"/>
      <line num="186" count="1" type="stmt"/>
      <line num="187" count="43" type="stmt"/>
      <line num="188" count="43" type="stmt"/>
      <line num="189" count="71" type="cond" truecount="2" falsecount="0"/>
      <line num="190" count="8" type="stmt"/>
      <line num="191" count="8" type="stmt"/>
      <line num="192" count="8" type="stmt"/>
      <line num="195" count="71" type="stmt"/>
      <line num="197" count="43" type="stmt"/>
      <line num="198" count="43" type="stmt"/>
      <line num="201" count="1" type="stmt"/>
      <line num="202" count="43" type="stmt"/>
      <line num="205" count="1" type="stmt"/>
      <line num="206" count="3" type="stmt"/>
      <line num="207" count="3" type="stmt"/>
      <line num="209" count="1" type="stmt"/>
      <line num="210" count="2" type="stmt"/>
      <line num="212" count="1" type="stmt"/>
      <line num="214" count="1" type="stmt"/>
    </file>
  </project>
</coverage>
