{"F:\\Biko2\\TDD_FizzBuzz\\src\\stringcalculator.ts": {"path":"F:\\Biko2\\TDD_FizzBuzz\\src\\stringcalculator.ts","statementMap":{"0":{"start":{"line":2,"column":0},"end":{"line":2,"column":62}},"1":{"start":{"line":3,"column":38},"end":{"line":213,"column":3}},"2":{"start":{"line":6,"column":8},"end":{"line":6,"column":36}},"3":{"start":{"line":7,"column":8},"end":{"line":7,"column":38}},"4":{"start":{"line":8,"column":8},"end":{"line":8,"column":52}},"5":{"start":{"line":9,"column":8},"end":{"line":9,"column":50}},"6":{"start":{"line":10,"column":8},"end":{"line":10,"column":40}},"7":{"start":{"line":11,"column":8},"end":{"line":11,"column":38}},"8":{"start":{"line":13,"column":8},"end":{"line":13,"column":70}},"9":{"start":{"line":15,"column":8},"end":{"line":15,"column":75}},"10":{"start":{"line":16,"column":8},"end":{"line":16,"column":103}},"11":{"start":{"line":17,"column":8},"end":{"line":17,"column":108}},"12":{"start":{"line":21,"column":4},"end":{"line":39,"column":6}},"13":{"start":{"line":22,"column":8},"end":{"line":27,"column":9}},"14":{"start":{"line":23,"column":12},"end":{"line":24,"column":65}},"15":{"start":{"line":24,"column":16},"end":{"line":24,"column":65}},"16":{"start":{"line":25,"column":12},"end":{"line":25,"column":71}},"17":{"start":{"line":26,"column":12},"end":{"line":26,"column":107}},"18":{"start":{"line":28,"column":22},"end":{"line":28,"column":73}},"19":{"start":{"line":29,"column":8},"end":{"line":30,"column":59}},"20":{"start":{"line":30,"column":12},"end":{"line":30,"column":59}},"21":{"start":{"line":31,"column":8},"end":{"line":32,"column":64}},"22":{"start":{"line":32,"column":12},"end":{"line":32,"column":64}},"23":{"start":{"line":33,"column":8},"end":{"line":34,"column":21}},"24":{"start":{"line":34,"column":12},"end":{"line":34,"column":21}},"25":{"start":{"line":35,"column":8},"end":{"line":38,"column":59}},"26":{"start":{"line":36,"column":12},"end":{"line":36,"column":30}},"27":{"start":{"line":38,"column":12},"end":{"line":38,"column":59}},"28":{"start":{"line":42,"column":4},"end":{"line":46,"column":6}},"29":{"start":{"line":43,"column":8},"end":{"line":44,"column":75}},"30":{"start":{"line":44,"column":12},"end":{"line":44,"column":75}},"31":{"start":{"line":45,"column":8},"end":{"line":45,"column":91}},"32":{"start":{"line":47,"column":4},"end":{"line":64,"column":6}},"33":{"start":{"line":48,"column":20},"end":{"line":48,"column":24}},"34":{"start":{"line":49,"column":42},"end":{"line":49,"column":85}},"35":{"start":{"line":50,"column":40},"end":{"line":50,"column":96}},"36":{"start":{"line":51,"column":8},"end":{"line":54,"column":9}},"37":{"start":{"line":52,"column":12},"end":{"line":52,"column":94}},"38":{"start":{"line":53,"column":12},"end":{"line":53,"column":19}},"39":{"start":{"line":55,"column":8},"end":{"line":58,"column":9}},"40":{"start":{"line":56,"column":12},"end":{"line":56,"column":125}},"41":{"start":{"line":57,"column":12},"end":{"line":57,"column":19}},"42":{"start":{"line":59,"column":39},"end":{"line":59,"column":84}},"43":{"start":{"line":60,"column":8},"end":{"line":63,"column":11}},"44":{"start":{"line":61,"column":38},"end":{"line":61,"column":43}},"45":{"start":{"line":61,"column":65},"end":{"line":61,"column":70}},"46":{"start":{"line":62,"column":12},"end":{"line":62,"column":97}},"47":{"start":{"line":65,"column":4},"end":{"line":67,"column":6}},"48":{"start":{"line":66,"column":8},"end":{"line":66,"column":89}},"49":{"start":{"line":68,"column":4},"end":{"line":74,"column":6}},"50":{"start":{"line":69,"column":8},"end":{"line":72,"column":9}},"51":{"start":{"line":70,"column":12},"end":{"line":70,"column":85}},"52":{"start":{"line":71,"column":12},"end":{"line":71,"column":19}},"53":{"start":{"line":73,"column":8},"end":{"line":73,"column":99}},"54":{"start":{"line":75,"column":4},"end":{"line":77,"column":6}},"55":{"start":{"line":76,"column":8},"end":{"line":76,"column":90}},"56":{"start":{"line":79,"column":4},"end":{"line":81,"column":6}},"57":{"start":{"line":80,"column":8},"end":{"line":80,"column":73}},"58":{"start":{"line":80,"column":48},"end":{"line":80,"column":69}},"59":{"start":{"line":83,"column":4},"end":{"line":85,"column":6}},"60":{"start":{"line":84,"column":8},"end":{"line":84,"column":34}},"61":{"start":{"line":86,"column":4},"end":{"line":88,"column":6}},"62":{"start":{"line":87,"column":8},"end":{"line":87,"column":70}},"63":{"start":{"line":87,"column":48},"end":{"line":87,"column":66}},"64":{"start":{"line":89,"column":4},"end":{"line":91,"column":6}},"65":{"start":{"line":90,"column":8},"end":{"line":90,"column":62}},"66":{"start":{"line":92,"column":4},"end":{"line":94,"column":6}},"67":{"start":{"line":93,"column":8},"end":{"line":93,"column":107}},"68":{"start":{"line":93,"column":66},"end":{"line":93,"column":103}},"69":{"start":{"line":95,"column":4},"end":{"line":107,"column":6}},"70":{"start":{"line":96,"column":20},"end":{"line":96,"column":21}},"71":{"start":{"line":97,"column":8},"end":{"line":105,"column":9}},"72":{"start":{"line":97,"column":21},"end":{"line":97,"column":52}},"73":{"start":{"line":98,"column":28},"end":{"line":98,"column":35}},"74":{"start":{"line":99,"column":12},"end":{"line":100,"column":28}},"75":{"start":{"line":100,"column":16},"end":{"line":100,"column":28}},"76":{"start":{"line":101,"column":12},"end":{"line":104,"column":27}},"77":{"start":{"line":102,"column":16},"end":{"line":102,"column":27}},"78":{"start":{"line":103,"column":17},"end":{"line":104,"column":27}},"79":{"start":{"line":104,"column":16},"end":{"line":104,"column":27}},"80":{"start":{"line":106,"column":8},"end":{"line":106,"column":21}},"81":{"start":{"line":109,"column":4},"end":{"line":112,"column":6}},"82":{"start":{"line":110,"column":8},"end":{"line":111,"column":121}},"83":{"start":{"line":114,"column":4},"end":{"line":116,"column":6}},"84":{"start":{"line":115,"column":8},"end":{"line":115,"column":54}},"85":{"start":{"line":117,"column":4},"end":{"line":119,"column":6}},"86":{"start":{"line":118,"column":8},"end":{"line":118,"column":52}},"87":{"start":{"line":120,"column":4},"end":{"line":122,"column":6}},"88":{"start":{"line":121,"column":8},"end":{"line":121,"column":92}},"89":{"start":{"line":123,"column":4},"end":{"line":125,"column":6}},"90":{"start":{"line":124,"column":8},"end":{"line":124,"column":130}},"91":{"start":{"line":126,"column":4},"end":{"line":128,"column":6}},"92":{"start":{"line":127,"column":8},"end":{"line":127,"column":55}},"93":{"start":{"line":129,"column":4},"end":{"line":132,"column":6}},"94":{"start":{"line":130,"column":8},"end":{"line":131,"column":86}},"95":{"start":{"line":133,"column":4},"end":{"line":136,"column":6}},"96":{"start":{"line":134,"column":8},"end":{"line":135,"column":69}},"97":{"start":{"line":138,"column":4},"end":{"line":141,"column":6}},"98":{"start":{"line":139,"column":42},"end":{"line":139,"column":93}},"99":{"start":{"line":140,"column":8},"end":{"line":140,"column":124}},"100":{"start":{"line":140,"column":96},"end":{"line":140,"column":120}},"101":{"start":{"line":142,"column":4},"end":{"line":144,"column":6}},"102":{"start":{"line":143,"column":8},"end":{"line":143,"column":70}},"103":{"start":{"line":143,"column":49},"end":{"line":143,"column":66}},"104":{"start":{"line":145,"column":4},"end":{"line":147,"column":6}},"105":{"start":{"line":146,"column":8},"end":{"line":146,"column":96}},"106":{"start":{"line":146,"column":62},"end":{"line":146,"column":89}},"107":{"start":{"line":148,"column":4},"end":{"line":150,"column":6}},"108":{"start":{"line":149,"column":8},"end":{"line":149,"column":67}},"109":{"start":{"line":151,"column":4},"end":{"line":174,"column":6}},"110":{"start":{"line":152,"column":42},"end":{"line":152,"column":85}},"111":{"start":{"line":153,"column":40},"end":{"line":153,"column":96}},"112":{"start":{"line":154,"column":20},"end":{"line":154,"column":21}},"113":{"start":{"line":155,"column":42},"end":{"line":155,"column":69}},"114":{"start":{"line":156,"column":40},"end":{"line":156,"column":42}},"115":{"start":{"line":157,"column":40},"end":{"line":157,"column":42}},"116":{"start":{"line":158,"column":8},"end":{"line":170,"column":9}},"117":{"start":{"line":158,"column":21},"end":{"line":158,"column":52}},"118":{"start":{"line":159,"column":28},"end":{"line":159,"column":38}},"119":{"start":{"line":160,"column":12},"end":{"line":161,"column":48}},"120":{"start":{"line":161,"column":16},"end":{"line":161,"column":48}},"121":{"start":{"line":162,"column":12},"end":{"line":165,"column":27}},"122":{"start":{"line":163,"column":16},"end":{"line":163,"column":27}},"123":{"start":{"line":164,"column":17},"end":{"line":165,"column":27}},"124":{"start":{"line":165,"column":16},"end":{"line":165,"column":27}},"125":{"start":{"line":166,"column":12},"end":{"line":169,"column":13}},"126":{"start":{"line":167,"column":16},"end":{"line":167,"column":46}},"127":{"start":{"line":168,"column":16},"end":{"line":168,"column":105}},"128":{"start":{"line":171,"column":8},"end":{"line":172,"column":75}},"129":{"start":{"line":172,"column":12},"end":{"line":172,"column":75}},"130":{"start":{"line":173,"column":8},"end":{"line":173,"column":41}},"131":{"start":{"line":175,"column":4},"end":{"line":177,"column":6}},"132":{"start":{"line":176,"column":8},"end":{"line":176,"column":109}},"133":{"start":{"line":176,"column":68},"end":{"line":176,"column":105}},"134":{"start":{"line":179,"column":4},"end":{"line":181,"column":6}},"135":{"start":{"line":180,"column":8},"end":{"line":180,"column":95}},"136":{"start":{"line":182,"column":4},"end":{"line":184,"column":6}},"137":{"start":{"line":183,"column":8},"end":{"line":183,"column":75}},"138":{"start":{"line":183,"column":50},"end":{"line":183,"column":71}},"139":{"start":{"line":186,"column":4},"end":{"line":199,"column":6}},"140":{"start":{"line":187,"column":20},"end":{"line":187,"column":24}},"141":{"start":{"line":188,"column":8},"end":{"line":196,"column":11}},"142":{"start":{"line":189,"column":12},"end":{"line":194,"column":13}},"143":{"start":{"line":190,"column":41},"end":{"line":190,"column":81}},"144":{"start":{"line":191,"column":16},"end":{"line":193,"column":19}},"145":{"start":{"line":192,"column":20},"end":{"line":192,"column":105}},"146":{"start":{"line":195,"column":12},"end":{"line":195,"column":101}},"147":{"start":{"line":197,"column":8},"end":{"line":197,"column":35}},"148":{"start":{"line":198,"column":8},"end":{"line":198,"column":23}},"149":{"start":{"line":201,"column":4},"end":{"line":203,"column":6}},"150":{"start":{"line":202,"column":8},"end":{"line":202,"column":38}},"151":{"start":{"line":205,"column":4},"end":{"line":208,"column":6}},"152":{"start":{"line":206,"column":30},"end":{"line":206,"column":65}},"153":{"start":{"line":207,"column":8},"end":{"line":207,"column":80}},"154":{"start":{"line":209,"column":4},"end":{"line":211,"column":6}},"155":{"start":{"line":210,"column":8},"end":{"line":210,"column":60}},"156":{"start":{"line":212,"column":4},"end":{"line":212,"column":28}},"157":{"start":{"line":214,"column":0},"end":{"line":214,"column":35}}},"fnMap":{"0":{"name":"(anonymous_0)","decl":{"start":{"line":3,"column":38},"end":{"line":3,"column":39}},"loc":{"start":{"line":3,"column":50},"end":{"line":213,"column":1}},"line":3},"1":{"name":"StringCalculator","decl":{"start":{"line":4,"column":13},"end":{"line":4,"column":29}},"loc":{"start":{"line":4,"column":32},"end":{"line":18,"column":5}},"line":4},"2":{"name":"(anonymous_2)","decl":{"start":{"line":21,"column":37},"end":{"line":21,"column":38}},"loc":{"start":{"line":21,"column":70},"end":{"line":39,"column":5}},"line":21},"3":{"name":"(anonymous_3)","decl":{"start":{"line":42,"column":76},"end":{"line":42,"column":77}},"loc":{"start":{"line":42,"column":125},"end":{"line":46,"column":5}},"line":42},"4":{"name":"(anonymous_4)","decl":{"start":{"line":47,"column":64},"end":{"line":47,"column":65}},"loc":{"start":{"line":47,"column":83},"end":{"line":64,"column":5}},"line":47},"5":{"name":"(anonymous_5)","decl":{"start":{"line":60,"column":41},"end":{"line":60,"column":42}},"loc":{"start":{"line":60,"column":55},"end":{"line":63,"column":9}},"line":60},"6":{"name":"(anonymous_6)","decl":{"start":{"line":65,"column":72},"end":{"line":65,"column":73}},"loc":{"start":{"line":65,"column":107},"end":{"line":67,"column":5}},"line":65},"7":{"name":"(anonymous_7)","decl":{"start":{"line":68,"column":63},"end":{"line":68,"column":64}},"loc":{"start":{"line":68,"column":112},"end":{"line":74,"column":5}},"line":68},"8":{"name":"(anonymous_8)","decl":{"start":{"line":75,"column":70},"end":{"line":75,"column":71}},"loc":{"start":{"line":75,"column":110},"end":{"line":77,"column":5}},"line":75},"9":{"name":"(anonymous_9)","decl":{"start":{"line":79,"column":53},"end":{"line":79,"column":54}},"loc":{"start":{"line":79,"column":72},"end":{"line":81,"column":5}},"line":79},"10":{"name":"(anonymous_10)","decl":{"start":{"line":80,"column":28},"end":{"line":80,"column":29}},"loc":{"start":{"line":80,"column":46},"end":{"line":80,"column":71}},"line":80},"11":{"name":"(anonymous_11)","decl":{"start":{"line":83,"column":52},"end":{"line":83,"column":53}},"loc":{"start":{"line":83,"column":71},"end":{"line":85,"column":5}},"line":83},"12":{"name":"(anonymous_12)","decl":{"start":{"line":86,"column":52},"end":{"line":86,"column":53}},"loc":{"start":{"line":86,"column":71},"end":{"line":88,"column":5}},"line":86},"13":{"name":"(anonymous_13)","decl":{"start":{"line":87,"column":28},"end":{"line":87,"column":29}},"loc":{"start":{"line":87,"column":46},"end":{"line":87,"column":68}},"line":87},"14":{"name":"(anonymous_14)","decl":{"start":{"line":89,"column":72},"end":{"line":89,"column":73}},"loc":{"start":{"line":89,"column":124},"end":{"line":91,"column":5}},"line":89},"15":{"name":"(anonymous_15)","decl":{"start":{"line":92,"column":54},"end":{"line":92,"column":55}},"loc":{"start":{"line":92,"column":75},"end":{"line":94,"column":5}},"line":92},"16":{"name":"(anonymous_16)","decl":{"start":{"line":93,"column":43},"end":{"line":93,"column":44}},"loc":{"start":{"line":93,"column":64},"end":{"line":93,"column":105}},"line":93},"17":{"name":"(anonymous_17)","decl":{"start":{"line":95,"column":63},"end":{"line":95,"column":64}},"loc":{"start":{"line":95,"column":135},"end":{"line":107,"column":5}},"line":95},"18":{"name":"(anonymous_18)","decl":{"start":{"line":109,"column":53},"end":{"line":109,"column":54}},"loc":{"start":{"line":109,"column":72},"end":{"line":112,"column":5}},"line":109},"19":{"name":"(anonymous_19)","decl":{"start":{"line":114,"column":46},"end":{"line":114,"column":47}},"loc":{"start":{"line":114,"column":67},"end":{"line":116,"column":5}},"line":114},"20":{"name":"(anonymous_20)","decl":{"start":{"line":117,"column":42},"end":{"line":117,"column":43}},"loc":{"start":{"line":117,"column":63},"end":{"line":119,"column":5}},"line":117},"21":{"name":"(anonymous_21)","decl":{"start":{"line":120,"column":59},"end":{"line":120,"column":60}},"loc":{"start":{"line":120,"column":80},"end":{"line":122,"column":5}},"line":120},"22":{"name":"(anonymous_22)","decl":{"start":{"line":123,"column":56},"end":{"line":123,"column":57}},"loc":{"start":{"line":123,"column":75},"end":{"line":125,"column":5}},"line":123},"23":{"name":"(anonymous_23)","decl":{"start":{"line":126,"column":41},"end":{"line":126,"column":42}},"loc":{"start":{"line":126,"column":60},"end":{"line":128,"column":5}},"line":126},"24":{"name":"(anonymous_24)","decl":{"start":{"line":129,"column":65},"end":{"line":129,"column":66}},"loc":{"start":{"line":129,"column":139},"end":{"line":132,"column":5}},"line":129},"25":{"name":"(anonymous_25)","decl":{"start":{"line":133,"column":60},"end":{"line":133,"column":61}},"loc":{"start":{"line":133,"column":121},"end":{"line":136,"column":5}},"line":133},"26":{"name":"(anonymous_26)","decl":{"start":{"line":138,"column":57},"end":{"line":138,"column":58}},"loc":{"start":{"line":138,"column":76},"end":{"line":141,"column":5}},"line":138},"27":{"name":"(anonymous_27)","decl":{"start":{"line":140,"column":76},"end":{"line":140,"column":77}},"loc":{"start":{"line":140,"column":94},"end":{"line":140,"column":122}},"line":140},"28":{"name":"(anonymous_28)","decl":{"start":{"line":142,"column":55},"end":{"line":142,"column":56}},"loc":{"start":{"line":142,"column":74},"end":{"line":144,"column":5}},"line":142},"29":{"name":"(anonymous_29)","decl":{"start":{"line":143,"column":30},"end":{"line":143,"column":31}},"loc":{"start":{"line":143,"column":47},"end":{"line":143,"column":68}},"line":143},"30":{"name":"(anonymous_30)","decl":{"start":{"line":145,"column":59},"end":{"line":145,"column":60}},"loc":{"start":{"line":145,"column":78},"end":{"line":147,"column":5}},"line":145},"31":{"name":"(anonymous_31)","decl":{"start":{"line":146,"column":30},"end":{"line":146,"column":31}},"loc":{"start":{"line":146,"column":60},"end":{"line":146,"column":91}},"line":146},"32":{"name":"(anonymous_32)","decl":{"start":{"line":148,"column":76},"end":{"line":148,"column":77}},"loc":{"start":{"line":148,"column":95},"end":{"line":150,"column":5}},"line":148},"33":{"name":"(anonymous_33)","decl":{"start":{"line":151,"column":65},"end":{"line":151,"column":66}},"loc":{"start":{"line":151,"column":84},"end":{"line":174,"column":5}},"line":151},"34":{"name":"(anonymous_34)","decl":{"start":{"line":175,"column":57},"end":{"line":175,"column":58}},"loc":{"start":{"line":175,"column":78},"end":{"line":177,"column":5}},"line":175},"35":{"name":"(anonymous_35)","decl":{"start":{"line":176,"column":45},"end":{"line":176,"column":46}},"loc":{"start":{"line":176,"column":66},"end":{"line":176,"column":107}},"line":176},"36":{"name":"(anonymous_36)","decl":{"start":{"line":179,"column":76},"end":{"line":179,"column":77}},"loc":{"start":{"line":179,"column":95},"end":{"line":181,"column":5}},"line":179},"37":{"name":"(anonymous_37)","decl":{"start":{"line":182,"column":61},"end":{"line":182,"column":62}},"loc":{"start":{"line":182,"column":80},"end":{"line":184,"column":5}},"line":182},"38":{"name":"(anonymous_38)","decl":{"start":{"line":183,"column":30},"end":{"line":183,"column":31}},"loc":{"start":{"line":183,"column":48},"end":{"line":183,"column":73}},"line":183},"39":{"name":"(anonymous_39)","decl":{"start":{"line":186,"column":71},"end":{"line":186,"column":72}},"loc":{"start":{"line":186,"column":90},"end":{"line":199,"column":5}},"line":186},"40":{"name":"(anonymous_40)","decl":{"start":{"line":188,"column":37},"end":{"line":188,"column":38}},"loc":{"start":{"line":188,"column":58},"end":{"line":196,"column":9}},"line":188},"41":{"name":"(anonymous_41)","decl":{"start":{"line":191,"column":43},"end":{"line":191,"column":44}},"loc":{"start":{"line":191,"column":72},"end":{"line":193,"column":17}},"line":191},"42":{"name":"(anonymous_42)","decl":{"start":{"line":201,"column":53},"end":{"line":201,"column":54}},"loc":{"start":{"line":201,"column":65},"end":{"line":203,"column":5}},"line":201},"43":{"name":"(anonymous_43)","decl":{"start":{"line":205,"column":59},"end":{"line":205,"column":60}},"loc":{"start":{"line":205,"column":78},"end":{"line":208,"column":5}},"line":205},"44":{"name":"(anonymous_44)","decl":{"start":{"line":209,"column":68},"end":{"line":209,"column":69}},"loc":{"start":{"line":209,"column":80},"end":{"line":211,"column":5}},"line":209}},"branchMap":{"0":{"loc":{"start":{"line":22,"column":8},"end":{"line":27,"column":9}},"type":"if","locations":[{"start":{"line":22,"column":8},"end":{"line":27,"column":9}},{"start":{},"end":{}}],"line":22},"1":{"loc":{"start":{"line":23,"column":12},"end":{"line":24,"column":65}},"type":"if","locations":[{"start":{"line":23,"column":12},"end":{"line":24,"column":65}},{"start":{},"end":{}}],"line":23},"2":{"loc":{"start":{"line":29,"column":8},"end":{"line":30,"column":59}},"type":"if","locations":[{"start":{"line":29,"column":8},"end":{"line":30,"column":59}},{"start":{},"end":{}}],"line":29},"3":{"loc":{"start":{"line":31,"column":8},"end":{"line":32,"column":64}},"type":"if","locations":[{"start":{"line":31,"column":8},"end":{"line":32,"column":64}},{"start":{},"end":{}}],"line":31},"4":{"loc":{"start":{"line":33,"column":8},"end":{"line":34,"column":21}},"type":"if","locations":[{"start":{"line":33,"column":8},"end":{"line":34,"column":21}},{"start":{},"end":{}}],"line":33},"5":{"loc":{"start":{"line":35,"column":8},"end":{"line":38,"column":59}},"type":"if","locations":[{"start":{"line":35,"column":8},"end":{"line":38,"column":59}},{"start":{"line":38,"column":12},"end":{"line":38,"column":59}}],"line":35},"6":{"loc":{"start":{"line":43,"column":8},"end":{"line":44,"column":75}},"type":"if","locations":[{"start":{"line":43,"column":8},"end":{"line":44,"column":75}},{"start":{},"end":{}}],"line":43},"7":{"loc":{"start":{"line":51,"column":8},"end":{"line":54,"column":9}},"type":"if","locations":[{"start":{"line":51,"column":8},"end":{"line":54,"column":9}},{"start":{},"end":{}}],"line":51},"8":{"loc":{"start":{"line":55,"column":8},"end":{"line":58,"column":9}},"type":"if","locations":[{"start":{"line":55,"column":8},"end":{"line":58,"column":9}},{"start":{},"end":{}}],"line":55},"9":{"loc":{"start":{"line":69,"column":8},"end":{"line":72,"column":9}},"type":"if","locations":[{"start":{"line":69,"column":8},"end":{"line":72,"column":9}},{"start":{},"end":{}}],"line":69},"10":{"loc":{"start":{"line":99,"column":12},"end":{"line":100,"column":28}},"type":"if","locations":[{"start":{"line":99,"column":12},"end":{"line":100,"column":28}},{"start":{},"end":{}}],"line":99},"11":{"loc":{"start":{"line":99,"column":16},"end":{"line":99,"column":70}},"type":"binary-expr","locations":[{"start":{"line":99,"column":16},"end":{"line":99,"column":27}},{"start":{"line":99,"column":31},"end":{"line":99,"column":70}}],"line":99},"12":{"loc":{"start":{"line":101,"column":12},"end":{"line":104,"column":27}},"type":"if","locations":[{"start":{"line":101,"column":12},"end":{"line":104,"column":27}},{"start":{"line":103,"column":17},"end":{"line":104,"column":27}}],"line":101},"13":{"loc":{"start":{"line":103,"column":17},"end":{"line":104,"column":27}},"type":"if","locations":[{"start":{"line":103,"column":17},"end":{"line":104,"column":27}},{"start":{},"end":{}}],"line":103},"14":{"loc":{"start":{"line":110,"column":16},"end":{"line":111,"column":119}},"type":"binary-expr","locations":[{"start":{"line":110,"column":16},"end":{"line":110,"column":34}},{"start":{"line":111,"column":12},"end":{"line":111,"column":119}}],"line":110},"15":{"loc":{"start":{"line":111,"column":14},"end":{"line":111,"column":118}},"type":"binary-expr","locations":[{"start":{"line":111,"column":14},"end":{"line":111,"column":39}},{"start":{"line":111,"column":43},"end":{"line":111,"column":72}},{"start":{"line":111,"column":76},"end":{"line":111,"column":118}}],"line":111},"16":{"loc":{"start":{"line":115,"column":15},"end":{"line":115,"column":53}},"type":"binary-expr","locations":[{"start":{"line":115,"column":15},"end":{"line":115,"column":32}},{"start":{"line":115,"column":36},"end":{"line":115,"column":53}}],"line":115},"17":{"loc":{"start":{"line":118,"column":15},"end":{"line":118,"column":51}},"type":"binary-expr","locations":[{"start":{"line":118,"column":15},"end":{"line":118,"column":31}},{"start":{"line":118,"column":35},"end":{"line":118,"column":51}}],"line":118},"18":{"loc":{"start":{"line":121,"column":15},"end":{"line":121,"column":91}},"type":"binary-expr","locations":[{"start":{"line":121,"column":15},"end":{"line":121,"column":50}},{"start":{"line":121,"column":54},"end":{"line":121,"column":91}}],"line":121},"19":{"loc":{"start":{"line":124,"column":16},"end":{"line":124,"column":128}},"type":"binary-expr","locations":[{"start":{"line":124,"column":16},"end":{"line":124,"column":72}},{"start":{"line":124,"column":76},"end":{"line":124,"column":128}}],"line":124},"20":{"loc":{"start":{"line":127,"column":15},"end":{"line":127,"column":54}},"type":"binary-expr","locations":[{"start":{"line":127,"column":15},"end":{"line":127,"column":33}},{"start":{"line":127,"column":37},"end":{"line":127,"column":54}}],"line":127},"21":{"loc":{"start":{"line":130,"column":16},"end":{"line":131,"column":84}},"type":"binary-expr","locations":[{"start":{"line":130,"column":16},"end":{"line":130,"column":75}},{"start":{"line":131,"column":12},"end":{"line":131,"column":84}}],"line":130},"22":{"loc":{"start":{"line":134,"column":17},"end":{"line":135,"column":67}},"type":"binary-expr","locations":[{"start":{"line":134,"column":17},"end":{"line":134,"column":76}},{"start":{"line":135,"column":12},"end":{"line":135,"column":67}}],"line":134},"23":{"loc":{"start":{"line":160,"column":12},"end":{"line":161,"column":48}},"type":"if","locations":[{"start":{"line":160,"column":12},"end":{"line":161,"column":48}},{"start":{},"end":{}}],"line":160},"24":{"loc":{"start":{"line":160,"column":16},"end":{"line":160,"column":70}},"type":"binary-expr","locations":[{"start":{"line":160,"column":16},"end":{"line":160,"column":27}},{"start":{"line":160,"column":31},"end":{"line":160,"column":70}}],"line":160},"25":{"loc":{"start":{"line":162,"column":12},"end":{"line":165,"column":27}},"type":"if","locations":[{"start":{"line":162,"column":12},"end":{"line":165,"column":27}},{"start":{"line":164,"column":17},"end":{"line":165,"column":27}}],"line":162},"26":{"loc":{"start":{"line":164,"column":17},"end":{"line":165,"column":27}},"type":"if","locations":[{"start":{"line":164,"column":17},"end":{"line":165,"column":27}},{"start":{},"end":{}}],"line":164},"27":{"loc":{"start":{"line":166,"column":12},"end":{"line":169,"column":13}},"type":"if","locations":[{"start":{"line":166,"column":12},"end":{"line":169,"column":13}},{"start":{},"end":{}}],"line":166},"28":{"loc":{"start":{"line":171,"column":8},"end":{"line":172,"column":75}},"type":"if","locations":[{"start":{"line":171,"column":8},"end":{"line":172,"column":75}},{"start":{},"end":{}}],"line":171},"29":{"loc":{"start":{"line":189,"column":12},"end":{"line":194,"column":13}},"type":"if","locations":[{"start":{"line":189,"column":12},"end":{"line":194,"column":13}},{"start":{},"end":{}}],"line":189}},"s":{"0":1,"1":1,"2":1,"3":1,"4":1,"5":1,"6":1,"7":1,"8":1,"9":1,"10":1,"11":1,"12":1,"13":50,"14":29,"15":2,"16":27,"17":22,"18":43,"19":43,"20":3,"21":40,"22":3,"23":40,"24":4,"25":36,"26":3,"27":33,"28":1,"29":9,"30":3,"31":6,"32":1,"33":27,"34":27,"35":27,"36":27,"37":15,"38":15,"39":12,"40":6,"41":3,"42":6,"43":4,"44":10,"45":10,"46":10,"47":1,"48":22,"49":1,"50":10,"51":7,"52":7,"53":3,"54":1,"55":8,"56":1,"57":40,"58":106,"59":1,"60":36,"61":1,"62":43,"63":111,"64":1,"65":37,"66":1,"67":71,"68":471,"69":1,"70":12,"71":12,"72":12,"73":47,"74":47,"75":6,"76":41,"77":2,"78":39,"79":11,"80":6,"81":1,"82":50,"83":1,"84":33,"85":1,"86":49,"87":1,"88":31,"89":1,"90":29,"91":1,"92":40,"93":1,"94":0,"95":1,"96":9,"97":1,"98":43,"99":43,"100":113,"101":1,"102":3,"103":6,"104":1,"105":33,"106":92,"107":1,"108":55,"109":1,"110":6,"111":6,"112":6,"113":6,"114":6,"115":6,"116":6,"117":6,"118":42,"119":42,"120":8,"121":42,"122":9,"123":33,"124":13,"125":42,"126":12,"127":12,"128":6,"129":2,"130":4,"131":1,"132":8,"133":56,"134":1,"135":22,"136":1,"137":3,"138":8,"139":1,"140":43,"141":43,"142":71,"143":8,"144":8,"145":8,"146":71,"147":43,"148":43,"149":1,"150":43,"151":1,"152":3,"153":3,"154":1,"155":2,"156":1,"157":1},"f":{"0":1,"1":1,"2":50,"3":9,"4":27,"5":10,"6":22,"7":10,"8":8,"9":40,"10":106,"11":36,"12":43,"13":111,"14":37,"15":71,"16":471,"17":12,"18":50,"19":33,"20":49,"21":31,"22":29,"23":40,"24":0,"25":9,"26":43,"27":113,"28":3,"29":6,"30":33,"31":92,"32":55,"33":6,"34":8,"35":56,"36":22,"37":3,"38":8,"39":43,"40":71,"41":8,"42":43,"43":3,"44":2},"b":{"0":[29,21],"1":[2,27],"2":[3,40],"3":[3,37],"4":[4,36],"5":[3,33],"6":[3,6],"7":[15,12],"8":[6,6],"9":[7,3],"10":[6,41],"11":[47,6],"12":[2,39],"13":[11,28],"14":[50,49],"15":[49,33,31],"16":[33,31],"17":[49,16],"18":[31,30],"19":[29,28],"20":[40,39],"21":[0,0],"22":[9,8],"23":[8,34],"24":[42,8],"25":[9,33],"26":[13,20],"27":[12,30],"28":[2,4],"29":[8,63]},"_coverageSchema":"1a1c01bbd47fc00a2c39e90264f33305004495a9","hash":"ab0c8ac5cfce0120f3f6c84b16a370b6eb363116"}
}
