TN:
SF:src\stringcalculator.ts
FN:3,(anonymous_0)
FN:4,StringCalculator
FN:21,(anonymous_2)
FN:42,(anonymous_3)
FN:47,(anonymous_4)
FN:60,(anonymous_5)
FN:65,(anonymous_6)
FN:68,(anonymous_7)
FN:75,(anonymous_8)
FN:79,(anonymous_9)
FN:80,(anonymous_10)
FN:83,(anonymous_11)
FN:86,(anonymous_12)
FN:87,(anonymous_13)
FN:89,(anonymous_14)
FN:92,(anonymous_15)
FN:93,(anonymous_16)
FN:95,(anonymous_17)
FN:109,(anonymous_18)
FN:114,(anonymous_19)
FN:117,(anonymous_20)
FN:120,(anonymous_21)
FN:123,(anonymous_22)
FN:126,(anonymous_23)
FN:129,(anonymous_24)
FN:133,(anonymous_25)
FN:138,(anonymous_26)
FN:140,(anonymous_27)
FN:142,(anonymous_28)
FN:143,(anonymous_29)
FN:145,(anonymous_30)
FN:146,(anonymous_31)
FN:148,(anonymous_32)
FN:151,(anonymous_33)
FN:175,(anonymous_34)
FN:176,(anonymous_35)
FN:179,(anonymous_36)
FN:182,(anonymous_37)
FN:183,(anonymous_38)
FN:186,(anonymous_39)
FN:188,(anonymous_40)
FN:191,(anonymous_41)
FN:201,(anonymous_42)
FN:205,(anonymous_43)
FN:209,(anonymous_44)
FNF:45
FNH:44
FNDA:1,(anonymous_0)
FNDA:1,StringCalculator
FNDA:50,(anonymous_2)
FNDA:9,(anonymous_3)
FNDA:27,(anonymous_4)
FNDA:10,(anonymous_5)
FNDA:22,(anonymous_6)
FNDA:10,(anonymous_7)
FNDA:8,(anonymous_8)
FNDA:40,(anonymous_9)
FNDA:106,(anonymous_10)
FNDA:36,(anonymous_11)
FNDA:43,(anonymous_12)
FNDA:111,(anonymous_13)
FNDA:37,(anonymous_14)
FNDA:71,(anonymous_15)
FNDA:471,(anonymous_16)
FNDA:12,(anonymous_17)
FNDA:50,(anonymous_18)
FNDA:33,(anonymous_19)
FNDA:49,(anonymous_20)
FNDA:31,(anonymous_21)
FNDA:29,(anonymous_22)
FNDA:40,(anonymous_23)
FNDA:0,(anonymous_24)
FNDA:9,(anonymous_25)
FNDA:43,(anonymous_26)
FNDA:113,(anonymous_27)
FNDA:3,(anonymous_28)
FNDA:6,(anonymous_29)
FNDA:33,(anonymous_30)
FNDA:92,(anonymous_31)
FNDA:55,(anonymous_32)
FNDA:6,(anonymous_33)
FNDA:8,(anonymous_34)
FNDA:56,(anonymous_35)
FNDA:22,(anonymous_36)
FNDA:3,(anonymous_37)
FNDA:8,(anonymous_38)
FNDA:43,(anonymous_39)
FNDA:71,(anonymous_40)
FNDA:8,(anonymous_41)
FNDA:43,(anonymous_42)
FNDA:3,(anonymous_43)
FNDA:2,(anonymous_44)
DA:2,1
DA:3,1
DA:6,1
DA:7,1
DA:8,1
DA:9,1
DA:10,1
DA:11,1
DA:13,1
DA:15,1
DA:16,1
DA:17,1
DA:21,1
DA:22,50
DA:23,29
DA:24,2
DA:25,27
DA:26,22
DA:28,43
DA:29,43
DA:30,3
DA:31,40
DA:32,3
DA:33,40
DA:34,4
DA:35,36
DA:36,3
DA:38,33
DA:42,1
DA:43,9
DA:44,3
DA:45,6
DA:47,1
DA:48,27
DA:49,27
DA:50,27
DA:51,27
DA:52,15
DA:53,15
DA:55,12
DA:56,6
DA:57,3
DA:59,6
DA:60,4
DA:61,10
DA:62,10
DA:65,1
DA:66,22
DA:68,1
DA:69,10
DA:70,7
DA:71,7
DA:73,3
DA:75,1
DA:76,8
DA:79,1
DA:80,106
DA:83,1
DA:84,36
DA:86,1
DA:87,111
DA:89,1
DA:90,37
DA:92,1
DA:93,471
DA:95,1
DA:96,12
DA:97,12
DA:98,47
DA:99,47
DA:100,6
DA:101,41
DA:102,2
DA:103,39
DA:104,11
DA:106,6
DA:109,1
DA:110,50
DA:114,1
DA:115,33
DA:117,1
DA:118,49
DA:120,1
DA:121,31
DA:123,1
DA:124,29
DA:126,1
DA:127,40
DA:129,1
DA:130,0
DA:133,1
DA:134,9
DA:138,1
DA:139,43
DA:140,113
DA:142,1
DA:143,6
DA:145,1
DA:146,92
DA:148,1
DA:149,55
DA:151,1
DA:152,6
DA:153,6
DA:154,6
DA:155,6
DA:156,6
DA:157,6
DA:158,6
DA:159,42
DA:160,42
DA:161,8
DA:162,42
DA:163,9
DA:164,33
DA:165,13
DA:166,42
DA:167,12
DA:168,12
DA:171,6
DA:172,2
DA:173,4
DA:175,1
DA:176,56
DA:179,1
DA:180,22
DA:182,1
DA:183,8
DA:186,1
DA:187,43
DA:188,43
DA:189,71
DA:190,8
DA:191,8
DA:192,8
DA:195,71
DA:197,43
DA:198,43
DA:201,1
DA:202,43
DA:205,1
DA:206,3
DA:207,3
DA:209,1
DA:210,2
DA:212,1
DA:214,1
LF:147
LH:146
BRDA:22,0,0,29
BRDA:22,0,1,21
BRDA:23,1,0,2
BRDA:23,1,1,27
BRDA:29,2,0,3
BRDA:29,2,1,40
BRDA:31,3,0,3
BRDA:31,3,1,37
BRDA:33,4,0,4
BRDA:33,4,1,36
BRDA:35,5,0,3
BRDA:35,5,1,33
BRDA:43,6,0,3
BRDA:43,6,1,6
BRDA:51,7,0,15
BRDA:51,7,1,12
BRDA:55,8,0,6
BRDA:55,8,1,6
BRDA:69,9,0,7
BRDA:69,9,1,3
BRDA:99,10,0,6
BRDA:99,10,1,41
BRDA:99,11,0,47
BRDA:99,11,1,6
BRDA:101,12,0,2
BRDA:101,12,1,39
BRDA:103,13,0,11
BRDA:103,13,1,28
BRDA:110,14,0,50
BRDA:110,14,1,49
BRDA:111,15,0,49
BRDA:111,15,1,33
BRDA:111,15,2,31
BRDA:115,16,0,33
BRDA:115,16,1,31
BRDA:118,17,0,49
BRDA:118,17,1,16
BRDA:121,18,0,31
BRDA:121,18,1,30
BRDA:124,19,0,29
BRDA:124,19,1,28
BRDA:127,20,0,40
BRDA:127,20,1,39
BRDA:130,21,0,0
BRDA:130,21,1,0
BRDA:134,22,0,9
BRDA:134,22,1,8
BRDA:160,23,0,8
BRDA:160,23,1,34
BRDA:160,24,0,42
BRDA:160,24,1,8
BRDA:162,25,0,9
BRDA:162,25,1,33
BRDA:164,26,0,13
BRDA:164,26,1,20
BRDA:166,27,0,12
BRDA:166,27,1,30
BRDA:171,28,0,2
BRDA:171,28,1,4
BRDA:189,29,0,8
BRDA:189,29,1,63
BRF:61
BRH:59
end_of_record
